<?xml version="1.0" encoding="UTF-8"?>
<!-- Generated by org.testng.reporters.JUnitReportReporter -->
<testsuite hostname="CBT-020" name="com.qspiders.grid.GridDemo" tests="1" failures="0" timestamp="16 Jul 2016 09:45:38 GMT" time="3.039" errors="0">
  <testcase name="test" time="3.039" classname="com.qspiders.grid.GridDemo"/>
</testsuite> <!-- com.qspiders.grid.GridDemo -->
